<?xml version="1.0" encoding="UTF-8"?>
<!-- Generated by org.testng.reporters.JUnitReportReporter -->
<testsuite hostname="DESKTOP-8BJT97E" failures="0" tests="1" name="tests.SeleniumTestNG" time="87.400" errors="0" timestamp="2025-03-16T12:05:36 CET" skipped="0">
  <testcase classname="tests.SeleniumTestNG" name="initDriver" time="87.400"/>
  <system-out/>
</testsuite> <!-- tests.SeleniumTestNG -->
